# JRE version: OpenJDK Runtime Environment (8.0_242-b01) (build 1.8.0_242-release-1644-b01)
# Java VM: OpenJDK 64-Bit Server VM (25.242-b01 mixed mode windows-amd64 compressed oops)
Heap:
 PSYoungGen      total 278528K, used 278497K [0x00000000d5580000, 0x00000000e8500000, 0x0000000100000000)
  eden space 257024K, 100% used [0x00000000d5580000,0x00000000e5080000,0x00000000e5080000)
  from space 21504K, 99% used [0x00000000e6a80000,0x00000000e7f786d0,0x00000000e7f80000)
  to   space 26624K, 99% used [0x00000000e5080000,0x00000000e6a7fd28,0x00000000e6a80000)
 ParOldGen       total 203264K, used 53252K [0x0000000080000000, 0x000000008c680000, 0x00000000d5580000)
  object space 203264K, 26% used [0x0000000080000000,0x0000000083401000,0x000000008c680000)
 Metaspace       used 91178K, capacity 94824K, committed 95128K, reserved 1132544K
  class space    used 12105K, capacity 12851K, committed 12952K, reserved 1048576K
GC Heap History (10 events):
Event: 21.728 GC heap after
Heap after GC invocations=11 (full 2):
 PSYoungGen      total 214528K, used 13800K [0x00000000d5580000, 0x00000000e3e80000, 0x0000000100000000)
  eden space 200704K, 0% used [0x00000000d5580000,0x00000000d5580000,0x00000000e1980000)
  from space 13824K, 99% used [0x00000000e2b80000,0x00000000e38fa280,0x00000000e3900000)
  to   space 5632K, 0% used [0x00000000e3900000,0x00000000e3900000,0x00000000e3e80000)
 ParOldGen       total 139776K, used 27085K [0x0000000080000000, 0x0000000088880000, 0x00000000d5580000)
  object space 139776K, 19% used [0x0000000080000000,0x0000000081a73668,0x0000000088880000)
 Metaspace       used 54683K, capacity 56466K, committed 56616K, reserved 1097728K
  class space    used 7214K, capacity 7680K, committed 7720K, reserved 1048576K
}
Event: 22.123 GC heap before
{Heap before GC invocations=12 (full 2):
 PSYoungGen      total 214528K, used 40157K [0x00000000d5580000, 0x00000000e3e80000, 0x0000000100000000)
  eden space 200704K, 13% used [0x00000000d5580000,0x00000000d6f3d488,0x00000000e1980000)
  from space 13824K, 99% used [0x00000000e2b80000,0x00000000e38fa280,0x00000000e3900000)
  to   space 5632K, 0% used [0x00000000e3900000,0x00000000e3900000,0x00000000e3e80000)
 ParOldGen       total 139776K, used 27085K [0x0000000080000000, 0x0000000088880000, 0x00000000d5580000)
  object space 139776K, 19% used [0x0000000080000000,0x0000000081a73668,0x0000000088880000)
 Metaspace       used 57096K, capacity 59090K, committed 59160K, reserved 1099776K
  class space    used 7653K, capacity 8148K, committed 8216K, reserved 1048576K
Event: 22.147 GC heap after
Heap after GC invocations=12 (full 2):
 PSYoungGen      total 218112K, used 5608K [0x00000000d5580000, 0x00000000e8180000, 0x0000000100000000)
  eden space 212480K, 0% used [0x00000000d5580000,0x00000000d5580000,0x00000000e2500000)
  from space 5632K, 99% used [0x00000000e3900000,0x00000000e3e7a0f0,0x00000000e3e80000)
  to   space 20480K, 0% used [0x00000000e2500000,0x00000000e2500000,0x00000000e3900000)
 ParOldGen       total 139776K, used 38281K [0x0000000080000000, 0x0000000088880000, 0x00000000d5580000)
  object space 139776K, 27% used [0x0000000080000000,0x0000000082562558,0x0000000088880000)
 Metaspace       used 57096K, capacity 59090K, committed 59160K, reserved 1099776K
  class space    used 7653K, capacity 8148K, committed 8216K, reserved 1048576K
}
Event: 22.147 GC heap before
{Heap before GC invocations=13 (full 3):
 PSYoungGen      total 218112K, used 5608K [0x00000000d5580000, 0x00000000e8180000, 0x0000000100000000)
  eden space 212480K, 0% used [0x00000000d5580000,0x00000000d5580000,0x00000000e2500000)
  from space 5632K, 99% used [0x00000000e3900000,0x00000000e3e7a0f0,0x00000000e3e80000)
  to   space 20480K, 0% used [0x00000000e2500000,0x00000000e2500000,0x00000000e3900000)
 ParOldGen       total 139776K, used 38281K [0x0000000080000000, 0x0000000088880000, 0x00000000d5580000)
  object space 139776K, 27% used [0x0000000080000000,0x0000000082562558,0x0000000088880000)
 Metaspace       used 57096K, capacity 59090K, committed 59160K, reserved 1099776K
  class space    used 7653K, capacity 8148K, committed 8216K, reserved 1048576K
Event: 22.452 GC heap after
Heap after GC invocations=13 (full 3):
 PSYoungGen      total 218112K, used 0K [0x00000000d5580000, 0x00000000e8180000, 0x0000000100000000)
  eden space 212480K, 0% used [0x00000000d5580000,0x00000000d5580000,0x00000000e2500000)
  from space 5632K, 0% used [0x00000000e3900000,0x00000000e3900000,0x00000000e3e80000)
  to   space 20480K, 0% used [0x00000000e2500000,0x00000000e2500000,0x00000000e3900000)
 ParOldGen       total 203264K, used 34927K [0x0000000080000000, 0x000000008c680000, 0x00000000d5580000)
  object space 203264K, 17% used [0x0000000080000000,0x000000008221bd40,0x000000008c680000)
 Metaspace       used 56961K, capacity 58870K, committed 59160K, reserved 1099776K
  class space    used 7621K, capacity 8101K, committed 8216K, reserved 1048576K
}
Event: 28.069 GC heap before
{Heap before GC invocations=14 (full 3):
 PSYoungGen      total 218112K, used 212480K [0x00000000d5580000, 0x00000000e8180000, 0x0000000100000000)
  eden space 212480K, 100% used [0x00000000d5580000,0x00000000e2500000,0x00000000e2500000)
  from space 5632K, 0% used [0x00000000e3900000,0x00000000e3900000,0x00000000e3e80000)
  to   space 20480K, 0% used [0x00000000e2500000,0x00000000e2500000,0x00000000e3900000)
 ParOldGen       total 203264K, used 34927K [0x0000000080000000, 0x000000008c680000, 0x00000000d5580000)
  object space 203264K, 17% used [0x0000000080000000,0x000000008221bd40,0x000000008c680000)
 Metaspace       used 66963K, capacity 69244K, committed 69400K, reserved 1110016K
  class space    used 9165K, capacity 9649K, committed 9752K, reserved 1048576K
Event: 28.085 GC heap after
Heap after GC invocations=14 (full 3):
 PSYoungGen      total 232960K, used 17548K [0x00000000d5580000, 0x00000000e7f80000, 0x0000000100000000)
  eden space 212480K, 0% used [0x00000000d5580000,0x00000000d5580000,0x00000000e2500000)
  from space 20480K, 85% used [0x00000000e2500000,0x00000000e3623270,0x00000000e3900000)
  to   space 21504K, 0% used [0x00000000e6a80000,0x00000000e6a80000,0x00000000e7f80000)
 ParOldGen       total 203264K, used 34935K [0x0000000080000000, 0x000000008c680000, 0x00000000d5580000)
  object space 203264K, 17% used [0x0000000080000000,0x000000008221dd40,0x000000008c680000)
 Metaspace       used 66963K, capacity 69244K, committed 69400K, reserved 1110016K
  class space    used 9165K, capacity 9649K, committed 9752K, reserved 1048576K
}
Event: 31.295 GC heap before
{Heap before GC invocations=15 (full 3):
 PSYoungGen      total 232960K, used 230028K [0x00000000d5580000, 0x00000000e7f80000, 0x0000000100000000)
  eden space 212480K, 100% used [0x00000000d5580000,0x00000000e2500000,0x00000000e2500000)
  from space 20480K, 85% used [0x00000000e2500000,0x00000000e3623270,0x00000000e3900000)
  to   space 21504K, 0% used [0x00000000e6a80000,0x00000000e6a80000,0x00000000e7f80000)
 ParOldGen       total 203264K, used 34935K [0x0000000080000000, 0x000000008c680000, 0x00000000d5580000)
  object space 203264K, 17% used [0x0000000080000000,0x000000008221dd40,0x000000008c680000)
 Metaspace       used 72893K, capacity 75754K, committed 76056K, reserved 1114112K
  class space    used 9833K, capacity 10405K, committed 10520K, reserved 1048576K
Event: 31.318 GC heap after
Heap after GC invocations=15 (full 3):
 PSYoungGen      total 278528K, used 21473K [0x00000000d5580000, 0x00000000e8500000, 0x0000000100000000)
  eden space 257024K, 0% used [0x00000000d5580000,0x00000000d5580000,0x00000000e5080000)
  from space 21504K, 99% used [0x00000000e6a80000,0x00000000e7f786d0,0x00000000e7f80000)
  to   space 26624K, 0% used [0x00000000e5080000,0x00000000e5080000,0x00000000e6a80000)
 ParOldGen       total 203264K, used 41881K [0x0000000080000000, 0x000000008c680000, 0x00000000d5580000)
  object space 203264K, 20% used [0x0000000080000000,0x00000000828e64d8,0x000000008c680000)
 Metaspace       used 72893K, capacity 75754K, committed 76056K, reserved 1114112K
  class space    used 9833K, capacity 10405K, committed 10520K, reserved 1048576K
}
Event: 269.519 GC heap before
{Heap before GC invocations=16 (full 3):
 PSYoungGen      total 278528K, used 278497K [0x00000000d5580000, 0x00000000e8500000, 0x0000000100000000)
  eden space 257024K, 100% used [0x00000000d5580000,0x00000000e5080000,0x00000000e5080000)
  from space 21504K, 99% used [0x00000000e6a80000,0x00000000e7f786d0,0x00000000e7f80000)
  to   space 26624K, 0% used [0x00000000e5080000,0x00000000e5080000,0x00000000e6a80000)
 ParOldGen       total 203264K, used 41881K [0x0000000080000000, 0x000000008c680000, 0x00000000d5580000)
  object space 203264K, 20% used [0x0000000080000000,0x00000000828e64d8,0x000000008c680000)
 Metaspace       used 91178K, capacity 94824K, committed 95128K, reserved 1132544K
  class space    used 12105K, capacity 12851K, committed 12952K, reserved 1048576K

